Qureg (4 qubit statevector, 16 qcomps, 360 bytes):
    0.25                |0⟩
    0.25                |1⟩
    0.17678-0.17678i    |2⟩
    0.17678-0.17678i    |3⟩
    -0.095671+0.23097i  |4⟩
    -0.095671+0.23097i  |5⟩
    0.095671+0.23097i   |6⟩
    0.095671+0.23097i   |7⟩
    0.2452+0.048773i    |8⟩
    0.2452+0.048773i    |9⟩
    0.20787-0.13889i    |10⟩
    0.20787-0.13889i    |11⟩
    -0.13889+0.20787i   |12⟩
    -0.13889+0.20787i   |13⟩
    0.048773+0.2452i    |14⟩
    0.048773+0.2452i    |15⟩

Basis Probabilities TASK A:
|1000>: 0.250000
|0100>: 0.250000
|0010>: 0.176777
|0001>: -0.095671
Qureg (4 qubit statevector, 16 qcomps, 360 bytes):
    0.35355              |0⟩
    0                    |1⟩
    0.25                 |2⟩
    -0.25i               |3⟩
    0.23097-0.23097i     |4⟩
    -0.095671-0.095671i  |5⟩
    0.095671-0.095671i   |6⟩
    -0.23097-0.23097i    |7⟩
    0.1327-0.32036i      |8⟩
    -0.063724-0.026396i  |9⟩
    0.075168-0.18147i    |10⟩
    -0.27159-0.1125i     |11⟩
    -0.1125-0.27159i     |12⟩
    -0.18147+0.075168i   |13⟩
    -0.026396-0.063724i  |14⟩
    -0.32036+0.1327i     |15⟩

Basis Probabilities TASK B:
|1000>: 0.353553
|0100>: 0.000000
|0010>: 0.250000
|0001>: 0.000000
